2021-04-11T17:18:27.776Z [grades-control-api] info: API started!
2021-04-11T17:18:36.081Z [grades-control-api] info: API started!
2021-04-11T17:18:50.284Z [grades-control-api] info: API started!
2021-04-11T17:33:46.461Z [grades-control-api] info: API started!
2021-04-11T17:34:09.966Z [grades-control-api] info: API started!
2021-04-11T17:36:33.055Z [grades-control-api] info: POST /grade - {"id":1,"student":"José Silva","subject":"Matemática","type":"Prova final","value":90.2,"timestamp":"2021-04-11T17:36:33.047Z"}
2021-04-11T17:41:40.444Z [grades-control-api] info: GET /grade
2021-04-11T17:42:35.417Z [grades-control-api] info: POST /grade - {"id":2,"student":"José Silva","subject":"Português","type":"Prova final","value":80.2,"timestamp":"2021-04-11T17:42:35.416Z"}
2021-04-11T17:42:40.265Z [grades-control-api] info: GET /grade
2021-04-11T17:46:48.924Z [grades-control-api] info: API started!
2021-04-11T17:46:50.979Z [grades-control-api] info: API started!
2021-04-11T17:47:18.951Z [grades-control-api] info: API started!
2021-04-11T17:51:38.126Z [grades-control-api] info: GET /grade - 2
2021-04-11T17:51:52.466Z [grades-control-api] info: GET /grade
2021-04-11T19:55:04.324Z [grades-control-api] info: API started!
2021-04-11T19:55:20.803Z [grades-control-api] info: POST /grade - {"id":3,"student":"José Silva","subject":"Geografia","type":"Prova final","value":80.2,"timestamp":"2021-04-11T19:55:20.798Z"}
2021-04-11T19:55:24.330Z [grades-control-api] info: GET /grade
2021-04-11T19:56:08.982Z [grades-control-api] info: DELETE /grade - 3
2021-04-11T19:56:14.117Z [grades-control-api] info: GET /grade
2021-04-11T19:56:17.443Z [grades-control-api] info: GET /grade
2021-04-11T19:56:48.412Z [grades-control-api] info: DELETE /grade - 3
2021-04-11T19:56:54.373Z [grades-control-api] info: GET /grade
2021-04-11T19:56:55.363Z [grades-control-api] info: GET /grade
2021-04-11T19:57:08.776Z [grades-control-api] info: GET /grade
2021-04-11T19:57:43.021Z [grades-control-api] info: API started!
2021-04-11T19:57:51.934Z [grades-control-api] info: DELETE /grade - 3
2021-04-11T19:57:55.865Z [grades-control-api] info: GET /grade
2021-04-11T20:02:48.209Z [grades-control-api] info: API started!
2021-04-11T20:02:53.623Z [grades-control-api] info: API started!
2021-04-11T20:03:13.713Z [grades-control-api] info: API started!
2021-04-11T20:09:34.336Z [grades-control-api] info: GET /grade
2021-04-11T20:09:40.138Z [grades-control-api] info: POST /grade - {"id":4,"student":"José Silva","subject":"Geografia","type":"Prova final","value":80.2,"timestamp":"2021-04-11T20:09:40.135Z"}
2021-04-11T20:09:42.861Z [grades-control-api] info: GET /grade
2021-04-11T20:10:04.874Z [grades-control-api] info: GET /grade
2021-04-11T20:11:39.113Z [grades-control-api] info: API started!
2021-04-11T20:12:22.844Z [grades-control-api] info: API started!
2021-04-11T20:17:38.532Z [grades-control-api] info: API started!
2021-04-11T20:17:51.967Z [grades-control-api] info: API started!
2021-04-11T20:18:34.237Z [grades-control-api] info: GET /grade
